#
# There is insufficient memory for the Java Runtime Environment to continue.
# Native memory allocation (malloc) failed to allocate 1058976 bytes for Chunk::new
# Possible reasons:
#   The system is out of physical RAM or swap space
#   The process is running with CompressedOops enabled, and the Java Heap may be blocking the growth of the native heap
# Possible solutions:
#   Reduce memory load on the system
#   Increase physical memory or swap space
#   Check if swap backing store is full
#   Decrease Java heap size (-Xmx/-Xms)
#   Decrease number of Java threads
#   Decrease Java thread stack sizes (-Xss)
#   Set larger code cache with -XX:ReservedCodeCacheSize=
#   JVM is running with Unscaled Compressed Oops mode in which the Java heap is
#     placed in the first 4GB address space. The Java Heap base address is the
#     maximum limit for the native heap growth. Please use -XX:HeapBaseMinAddress
#     to set the Java Heap base and to place the Java Heap above 4GB virtual address.
# This output file may be truncated or incomplete.
#
#  Out of Memory Error (allocation.cpp:389), pid=20276, tid=0x00000000000065e4
#
# JRE version: OpenJDK Runtime Environment (8.0_242-b01) (build 1.8.0_242-release-1644-b01)
# Java VM: OpenJDK 64-Bit Server VM (25.242-b01 mixed mode windows-amd64 compressed oops)
# Failed to write core dump. Minidumps are not enabled by default on client versions of Windows
#

---------------  T H R E A D  ---------------

Current thread (0x0000000019eb4800):  JavaThread "C2 CompilerThread0" daemon [_thread_in_native, id=26084, stack(0x000000001b400000,0x000000001b500000)]

Stack: [0x000000001b400000,0x000000001b500000]
[error occurred during error reporting (printing stack bounds), id 0xc0000005]

Native frames: (J=compiled Java code, j=interpreted, Vv=VM code, C=native code)


Current CompileTask:
C2:   4147 3408       4       groovy.lang.MetaClassImpl$1MOPIter::methodNameAction (325 bytes)


---------------  P R O C E S S  ---------------

Java Threads: ( => current thread )
  0x0000000020f42800 JavaThread "Build operations Thread 12" [_thread_blocked, id=17976, stack(0x00000000268a0000,0x00000000269a0000)]
  0x0000000020f43800 JavaThread "Build operations Thread 11" [_thread_blocked, id=20236, stack(0x00000000267a0000,0x00000000268a0000)]
  0x0000000020f45000 JavaThread "Build operations Thread 10" [_thread_blocked, id=26548, stack(0x00000000265a0000,0x00000000266a0000)]
  0x0000000020f46800 JavaThread "Build operations Thread 9" [_thread_blocked, id=25672, stack(0x0000000025450000,0x0000000025550000)]
  0x0000000020f3c000 JavaThread "Build operations Thread 8" [_thread_blocked, id=12764, stack(0x0000000025350000,0x0000000025450000)]
  0x0000000020f3e000 JavaThread "Build operations Thread 7" [_thread_blocked, id=25028, stack(0x0000000025250000,0x0000000025350000)]
  0x0000000020f3b000 JavaThread "Build operations Thread 6" [_thread_blocked, id=16824, stack(0x0000000025150000,0x0000000025250000)]
  0x0000000020f3f800 JavaThread "Build operations Thread 5" [_thread_blocked, id=24060, stack(0x0000000025050000,0x0000000025150000)]
  0x0000000020f40800 JavaThread "Build operations Thread 4" [_thread_blocked, id=28092, stack(0x0000000024f50000,0x0000000025050000)]
  0x0000000020f42000 JavaThread "Build operations Thread 3" [_thread_blocked, id=7056, stack(0x0000000024e50000,0x0000000024f50000)]
  0x0000000020f3d800 JavaThread "Build operations Thread 2" [_thread_blocked, id=27628, stack(0x0000000024d50000,0x0000000024e50000)]
  0x0000000020f3c800 JavaThread "Build operations" [_thread_blocked, id=27868, stack(0x0000000023020000,0x0000000023120000)]
  0x000000001d6d4000 JavaThread "Cache worker for execution history cache (C:\Users\jeff4\.gradle\caches\6.1.1\executionHistory)" [_thread_blocked, id=23936, stack(0x0000000022d20000,0x0000000022e20000)]
  0x000000001d6d3000 JavaThread "Cache worker for cache directory md-rule (C:\Users\jeff4\.gradle\caches\6.1.1\md-rule)" [_thread_blocked, id=26972, stack(0x0000000022c20000,0x0000000022d20000)]
  0x000000001d6d8800 JavaThread "Cache worker for cache directory md-supplier (C:\Users\jeff4\.gradle\caches\6.1.1\md-supplier)" [_thread_blocked, id=28060, stack(0x00000000219f0000,0x0000000021af0000)]
  0x000000001d6d7000 JavaThread "Cache worker for file hash cache (C:\Users\jeff4\AndroidStudioProjects\Atm3\.gradle\6.1.1\fileHashes)" [_thread_blocked, id=27140, stack(0x00000000216f0000,0x00000000217f0000)]
  0x000000001d6da000 JavaThread "Cache worker for checksums cache (C:\Users\jeff4\AndroidStudioProjects\Atm3\.gradle\checksums)" [_thread_blocked, id=14152, stack(0x0000000022b20000,0x0000000022c20000)]
  0x000000001d6d9000 JavaThread "Cache worker for file hash cache (C:\Users\jeff4\.gradle\caches\6.1.1\fileHashes)" [_thread_blocked, id=26748, stack(0x000000001f450000,0x000000001f550000)]
  0x000000001d6d6000 JavaThread "File lock request listener" [_thread_in_native, id=24000, stack(0x000000001f350000,0x000000001f450000)]
  0x000000001d919800 JavaThread "Cache worker for journal cache (C:\Users\jeff4\.gradle\caches\journal-1)" [_thread_blocked, id=25036, stack(0x000000001f250000,0x000000001f350000)]
  0x000000001d5b4800 JavaThread "Thread-9" [_thread_blocked, id=18484, stack(0x000000001ef50000,0x000000001f050000)]
  0x000000001d5b0800 JavaThread "Stdin handler" [_thread_blocked, id=14656, stack(0x000000001ee50000,0x000000001ef50000)]
  0x000000001d5b0000 JavaThread "Asynchronous log dispatcher for DefaultDaemonConnection: socket connection from /127.0.0.1:59272 to /127.0.0.1:59273" [_thread_blocked, id=14692, stack(0x000000001ed50000,0x000000001ee50000)]
  0x000000001d58d000 JavaThread "Daemon worker" [_thread_in_Java, id=19936, stack(0x000000001ec50000,0x000000001ed50000)]
  0x000000001d588000 JavaThread "Cancel handler" [_thread_blocked, id=28108, stack(0x000000001eb50000,0x000000001ec50000)]
  0x000000001d59b000 JavaThread "Handler for socket connection from /127.0.0.1:59272 to /127.0.0.1:59273" [_thread_in_native, id=26964, stack(0x000000001e850000,0x000000001e950000)]
  0x000000001d550800 JavaThread "Daemon" [_thread_blocked, id=15344, stack(0x000000001e750000,0x000000001e850000)]
  0x000000001d5cc000 JavaThread "Daemon periodic checks" [_thread_blocked, id=16856, stack(0x000000001e650000,0x000000001e750000)]
  0x000000001d4ee000 JavaThread "Incoming local TCP Connector on port 59272" [_thread_in_native, id=25980, stack(0x000000001e4a0000,0x000000001e5a0000)]
  0x000000001bb0f800 JavaThread "Daemon health stats" [_thread_blocked, id=25292, stack(0x000000001e3a0000,0x000000001e4a0000)]
  0x0000000019f48000 JavaThread "Service Thread" daemon [_thread_blocked, id=22772, stack(0x000000001b800000,0x000000001b900000)]
  0x0000000019ebd000 JavaThread "C1 CompilerThread3" daemon [_thread_blocked, id=27680, stack(0x000000001b700000,0x000000001b800000)]
  0x0000000019ebc800 JavaThread "C2 CompilerThread2" daemon [_thread_in_native, id=5196, stack(0x000000001b600000,0x000000001b700000)]
  0x0000000019eb9800 JavaThread "C2 CompilerThread1" daemon [_thread_in_native, id=5792, stack(0x000000001b500000,0x000000001b600000)]
=>0x0000000019eb4800 JavaThread "C2 CompilerThread0" daemon [_thread_in_native, id=26084, stack(0x000000001b400000,0x000000001b500000)]
  0x0000000019e5d000 JavaThread "Attach Listener" daemon [_thread_blocked, id=27240, stack(0x000000001b300000,0x000000001b400000)]
  0x0000000019eb2800 JavaThread "Signal Dispatcher" daemon [_thread_blocked, id=24528, stack(0x000000001b200000,0x000000001b300000)]
  0x0000000018771800 JavaThread "Finalizer" daemon [_thread_blocked, id=11996, stack(0x000000001b0a0000,0x000000001b1a0000)]
  0x0000000019e43000 JavaThread "Reference Handler" daemon [_thread_blocked, id=20496, stack(0x000000001afa0000,0x000000001b0a0000)]
  0x00000000033fd800 JavaThread "main" [_thread_blocked, id=25588, stack(0x00000000032d0000,0x00000000033d0000)]

Other Threads:
  0x0000000018765800 VMThread [stack: 0x000000001aea0000,0x000000001afa0000] [id=24968]
  0x0000000019f48800 WatcherThread [stack: 0x000000001b900000,0x000000001ba00000] [id=27612]

VM state:not at safepoint (normal execution)

VM Mutex/Monitor currently owned by a thread: None

heap address: 0x0000000080000000, size: 2048 MB, Compressed Oops mode: 32-bit
Narrow klass base: 0x0000000000000000, Narrow klass shift: 3
Compressed class space size: 1073741824 Address: 0x0000000100000000

Heap:
 PSYoungGen      total 273408K, used 54161K [0x00000000d5580000, 0x00000000f2b00000, 0x0000000100000000)
  eden space 257536K, 21% used [0x00000000d5580000,0x00000000d8a646e8,0x00000000e5100000)
  from space 15872K, 0% used [0x00000000e5100000,0x00000000e5100000,0x00000000e6080000)
  to   space 15360K, 0% used [0x00000000f1c00000,0x00000000f1c00000,0x00000000f2b00000)
 ParOldGen       total 74240K, used 15735K [0x0000000080000000, 0x0000000084880000, 0x00000000d5580000)
  object space 74240K, 21% used [0x0000000080000000,0x0000000080f5dea8,0x0000000084880000)
 Metaspace       used 36011K, capacity 37340K, committed 37544K, reserved 1081344K
  class space    used 4963K, capacity 5267K, committed 5296K, reserved 1048576K

Card table byte_map: [0x00000000128c0000,0x0000000012cd0000] byte_map_base: 0x00000000124c0000

Marking Bits: (ParMarkBitMap*) 0x000000007202f030
 Begin Bits: [0x0000000013980000, 0x0000000015980000)
 End Bits:   [0x0000000015980000, 0x0000000017980000)

Polling page: 0x0000000000df0000

CodeCache: size=245760Kb used=12384Kb max_used=12387Kb free=233375Kb
 bounds [0x0000000003500000, 0x0000000004130000, 0x0000000012500000]
 total_blobs=4173 nmethods=3469 adapters=616
 compilation: enabled

Compilation events (10 events):
Event: 4.136 Thread 0x0000000019ebd000 3468       3       jdk.internal.org.objectweb.asm.FieldWriter::visitEnd (1 bytes)
Event: 4.136 Thread 0x0000000019ebd000 nmethod 3468 0x0000000004112d50 code [0x0000000004112ea0, 0x0000000004112ff0]
Event: 4.136 Thread 0x0000000019ebc800 nmethod 3441 0x00000000041129d0 code [0x0000000004112b40, 0x0000000004112c68]
Event: 4.139 Thread 0x0000000019ebd000 3471       3       org.codehaus.groovy.util.ReferenceType$2::createReference (11 bytes)
Event: 4.140 Thread 0x0000000019ebd000 nmethod 3471 0x0000000004112210 code [0x00000000041123a0, 0x0000000004112790]
Event: 4.140 Thread 0x0000000019ebd000 3472       3       org.codehaus.groovy.util.ReferenceType$WeakRef::<init> (12 bytes)
Event: 4.140 Thread 0x0000000019ebd000 nmethod 3472 0x0000000004103e10 code [0x0000000004103f80, 0x00000000041042b0]
Event: 4.141 Thread 0x0000000019ebc800 3473       4       org.codehaus.groovy.reflection.CachedMethod::compareTo (25 bytes)
Event: 4.141 Thread 0x0000000019ebd000 3475       1       org.codehaus.groovy.runtime.metaclass.NewStaticMetaMethod::getModifiers (3 bytes)
Event: 4.141 Thread 0x0000000019ebd000 nmethod 3475 0x0000000004103b50 code [0x0000000004103ca0, 0x0000000004103db0]

GC Heap History (10 events):
Event: 2.281 GC heap before
{Heap before GC invocations=5 (full 0):
 PSYoungGen      total 136192K, used 8451K [0x00000000d5580000, 0x00000000ddf80000, 0x0000000100000000)
  eden space 131072K, 2% used [0x00000000d5580000,0x00000000d58c5850,0x00000000dd580000)
  from space 5120K, 99% used [0x00000000dda80000,0x00000000ddf7b630,0x00000000ddf80000)
  to   space 5120K, 0% used [0x00000000dd580000,0x00000000dd580000,0x00000000dda80000)
 ParOldGen       total 86016K, used 11507K [0x0000000080000000, 0x0000000085400000, 0x00000000d5580000)
  object space 86016K, 13% used [0x0000000080000000,0x0000000080b3ce18,0x0000000085400000)
 Metaspace       used 20567K, capacity 21240K, committed 21296K, reserved 1067008K
  class space    used 2876K, capacity 3088K, committed 3120K, reserved 1048576K
Event: 2.285 GC heap after
Heap after GC invocations=5 (full 0):
 PSYoungGen      total 136192K, used 5117K [0x00000000d5580000, 0x00000000e7080000, 0x0000000100000000)
  eden space 131072K, 0% used [0x00000000d5580000,0x00000000d5580000,0x00000000dd580000)
  from space 5120K, 99% used [0x00000000dd580000,0x00000000dda7f620,0x00000000dda80000)
  to   space 13824K, 0% used [0x00000000e6300000,0x00000000e6300000,0x00000000e7080000)
 ParOldGen       total 86016K, used 11683K [0x0000000080000000, 0x0000000085400000, 0x00000000d5580000)
  object space 86016K, 13% used [0x0000000080000000,0x0000000080b68fb8,0x0000000085400000)
 Metaspace       used 20567K, capacity 21240K, committed 21296K, reserved 1067008K
  class space    used 2876K, capacity 3088K, committed 3120K, reserved 1048576K
}
Event: 2.285 GC heap before
{Heap before GC invocations=6 (full 1):
 PSYoungGen      total 136192K, used 5117K [0x00000000d5580000, 0x00000000e7080000, 0x0000000100000000)
  eden space 131072K, 0% used [0x00000000d5580000,0x00000000d5580000,0x00000000dd580000)
  from space 5120K, 99% used [0x00000000dd580000,0x00000000dda7f620,0x00000000dda80000)
  to   space 13824K, 0% used [0x00000000e6300000,0x00000000e6300000,0x00000000e7080000)
 ParOldGen       total 86016K, used 11683K [0x0000000080000000, 0x0000000085400000, 0x00000000d5580000)
  object space 86016K, 13% used [0x0000000080000000,0x0000000080b68fb8,0x0000000085400000)
 Metaspace       used 20567K, capacity 21240K, committed 21296K, reserved 1067008K
  class space    used 2876K, capacity 3088K, committed 3120K, reserved 1048576K
Event: 2.307 GC heap after
Heap after GC invocations=6 (full 1):
 PSYoungGen      total 136192K, used 0K [0x00000000d5580000, 0x00000000e7080000, 0x0000000100000000)
  eden space 131072K, 0% used [0x00000000d5580000,0x00000000d5580000,0x00000000dd580000)
  from space 5120K, 0% used [0x00000000dd580000,0x00000000dd580000,0x00000000dda80000)
  to   space 13824K, 0% used [0x00000000e6300000,0x00000000e6300000,0x00000000e7080000)
 ParOldGen       total 52224K, used 7281K [0x0000000080000000, 0x0000000083300000, 0x00000000d5580000)
  object space 52224K, 13% used [0x0000000080000000,0x000000008071c718,0x0000000083300000)
 Metaspace       used 20567K, capacity 21240K, committed 21296K, reserved 1067008K
  class space    used 2876K, capacity 3088K, committed 3120K, reserved 1048576K
}
Event: 3.268 GC heap before
{Heap before GC invocations=7 (full 1):
 PSYoungGen      total 136192K, used 131072K [0x00000000d5580000, 0x00000000e7080000, 0x0000000100000000)
  eden space 131072K, 100% used [0x00000000d5580000,0x00000000dd580000,0x00000000dd580000)
  from space 5120K, 0% used [0x00000000dd580000,0x00000000dd580000,0x00000000dda80000)
  to   space 13824K, 0% used [0x00000000e6300000,0x00000000e6300000,0x00000000e7080000)
 ParOldGen       total 52224K, used 7281K [0x0000000080000000, 0x0000000083300000, 0x00000000d5580000)
  object space 52224K, 13% used [0x0000000080000000,0x000000008071c718,0x0000000083300000)
 Metaspace       used 32027K, capacity 32804K, committed 33072K, reserved 1077248K
  class space    used 4362K, capacity 4613K, committed 4656K, reserved 1048576K
Event: 3.279 GC heap after
Heap after GC invocations=7 (full 1):
 PSYoungGen      total 257536K, used 13299K [0x00000000d5580000, 0x00000000e7000000, 0x0000000100000000)
  eden space 244224K, 0% used [0x00000000d5580000,0x00000000d5580000,0x00000000e4400000)
  from space 13312K, 99% used [0x00000000e6300000,0x00000000e6ffcdc8,0x00000000e7000000)
  to   space 15872K, 0% used [0x00000000e5100000,0x00000000e5100000,0x00000000e6080000)
 ParOldGen       total 52224K, used 7289K [0x0000000080000000, 0x0000000083300000, 0x00000000d5580000)
  object space 52224K, 13% used [0x0000000080000000,0x000000008071e718,0x0000000083300000)
 Metaspace       used 32027K, capacity 32804K, committed 33072K, reserved 1077248K
  class space    used 4362K, capacity 4613K, committed 4656K, reserved 1048576K
}
Event: 3.596 GC heap before
{Heap before GC invocations=8 (full 1):
 PSYoungGen      total 257536K, used 65306K [0x00000000d5580000, 0x00000000e7000000, 0x0000000100000000)
  eden space 244224K, 21% used [0x00000000d5580000,0x00000000d8849ba8,0x00000000e4400000)
  from space 13312K, 99% used [0x00000000e6300000,0x00000000e6ffcdc8,0x00000000e7000000)
  to   space 15872K, 0% used [0x00000000e5100000,0x00000000e5100000,0x00000000e6080000)
 ParOldGen       total 52224K, used 7289K [0x0000000080000000, 0x0000000083300000, 0x00000000d5580000)
  object space 52224K, 13% used [0x0000000080000000,0x000000008071e718,0x0000000083300000)
 Metaspace       used 34552K, capacity 35410K, committed 35496K, reserved 1079296K
  class space    used 4737K, capacity 4974K, committed 5040K, reserved 1048576K
Event: 3.606 GC heap after
Heap after GC invocations=8 (full 1):
 PSYoungGen      total 273408K, used 8941K [0x00000000d5580000, 0x00000000f2b00000, 0x0000000100000000)
  eden space 257536K, 0% used [0x00000000d5580000,0x00000000d5580000,0x00000000e5100000)
  from space 15872K, 56% used [0x00000000e5100000,0x00000000e59bb7f8,0x00000000e6080000)
  to   space 15360K, 0% used [0x00000000f1c00000,0x00000000f1c00000,0x00000000f2b00000)
 ParOldGen       total 52224K, used 7297K [0x0000000080000000, 0x0000000083300000, 0x00000000d5580000)
  object space 52224K, 13% used [0x0000000080000000,0x0000000080720718,0x0000000083300000)
 Metaspace       used 34552K, capacity 35410K, committed 35496K, reserved 1079296K
  class space    used 4737K, capacity 4974K, committed 5040K, reserved 1048576K
}
Event: 3.606 GC heap before
{Heap before GC invocations=9 (full 2):
 PSYoungGen      total 273408K, used 8941K [0x00000000d5580000, 0x00000000f2b00000, 0x0000000100000000)
  eden space 257536K, 0% used [0x00000000d5580000,0x00000000d5580000,0x00000000e5100000)
  from space 15872K, 56% used [0x00000000e5100000,0x00000000e59bb7f8,0x00000000e6080000)
  to   space 15360K, 0% used [0x00000000f1c00000,0x00000000f1c00000,0x00000000f2b00000)
 ParOldGen       total 52224K, used 7297K [0x0000000080000000, 0x0000000083300000, 0x00000000d5580000)
  object space 52224K, 13% used [0x0000000080000000,0x0000000080720718,0x0000000083300000)
 Metaspace       used 34552K, capacity 35410K, committed 35496K, reserved 1079296K
  class space    used 4737K, capacity 4974K, committed 5040K, reserved 1048576K
Event: 3.675 GC heap after
Heap after GC invocations=9 (full 2):
 PSYoungGen      total 273408K, used 0K [0x00000000d5580000, 0x00000000f2b00000, 0x0000000100000000)
  eden space 257536K, 0% used [0x00000000d5580000,0x00000000d5580000,0x00000000e5100000)
  from space 15872K, 0% used [0x00000000e5100000,0x00000000e5100000,0x00000000e6080000)
  to   space 15360K, 0% used [0x00000000f1c00000,0x00000000f1c00000,0x00000000f2b00000)
 ParOldGen       total 74240K, used 15735K [0x0000000080000000, 0x0000000084880000, 0x00000000d5580000)
  object space 74240K, 21% used [0x0000000080000000,0x0000000080f5dea8,0x0000000084880000)
 Metaspace       used 34552K, capacity 35410K, committed 35496K, reserved 1079296K
  class space    used 4737K, capacity 4974K, committed 5040K, reserved 1048576K
}

Deoptimization events (10 events):
Event: 3.139 Thread 0x000000001d58d000 Uncommon trap: reason=class_check action=maybe_recompile pc=0x0000000003c28588 method=sun.misc.URLClassPath.getLoader(I)Lsun/misc/URLClassPath$Loader; @ 94
Event: 3.142 Thread 0x000000001d58d000 Uncommon trap: reason=class_check action=maybe_recompile pc=0x0000000003c2139c method=sun.misc.URLClassPath.getLoader(I)Lsun/misc/URLClassPath$Loader; @ 239
Event: 3.337 Thread 0x000000001d58d000 Uncommon trap: reason=unstable_if action=reinterpret pc=0x00000000039b3ae0 method=java.util.WeakHashMap.expungeStaleEntries()V @ 66
Event: 3.511 Thread 0x000000001d58d000 Uncommon trap: reason=unstable_if action=reinterpret pc=0x0000000003c5833c method=jdk.internal.org.objectweb.asm.Type.getArgumentsAndReturnSizes(Ljava/lang/String;)I @ 88
Event: 3.867 Thread 0x0000000020f45000 Uncommon trap: reason=unstable_if action=reinterpret pc=0x0000000003a80510 method=java.util.concurrent.ConcurrentHashMap.addCount(JI)V @ 34
Event: 3.867 Thread 0x0000000020f3b000 Uncommon trap: reason=unstable_if action=reinterpret pc=0x00000000039e1d5c method=java.util.concurrent.ConcurrentHashMap.addCount(JI)V @ 34
Event: 3.867 Thread 0x0000000020f46800 Uncommon trap: reason=unstable_if action=reinterpret pc=0x0000000003a80510 method=java.util.concurrent.ConcurrentHashMap.addCount(JI)V @ 34
Event: 4.010 Thread 0x000000001d58d000 Uncommon trap: reason=unstable_if action=reinterpret pc=0x000000000386baec method=java.util.jar.JarFile.match([C[B[I[I)Z @ 29
Event: 4.091 Thread 0x000000001d58d000 Uncommon trap: reason=bimorphic action=maybe_recompile pc=0x00000000040d8cb0 method=java.util.AbstractCollection.addAll(Ljava/util/Collection;)Z @ 29
Event: 4.111 Thread 0x000000001d58d000 Uncommon trap: reason=range_check action=make_not_entrant pc=0x0000000003ec2d34 method=java.lang.String.charAt(I)C @ 27

Classes redefined (0 events):
No events

Internal exceptions (10 events):
Event: 4.079 Thread 0x000000001d58d000 Exception <a 'java/lang/ClassNotFoundException': org/gradle/api/internal/project/DefaultProject_DecoratedBeanInfo> (0x00000000d7ff52a8) thrown at [C:\src\AOSP-openjdk-git\hotspot\src\share\vm\classfile\systemDictionary.cpp, line 210]
Event: 4.080 Thread 0x000000001d58d000 Exception <a 'java/lang/ClassNotFoundException': org/gradle/api/internal/project/DefaultProjectBeanInfo> (0x00000000d802ded0) thrown at [C:\src\AOSP-openjdk-git\hotspot\src\share\vm\classfile\systemDictionary.cpp, line 210]
Event: 4.081 Thread 0x000000001d58d000 Exception <a 'java/lang/ClassNotFoundException': org/gradle/api/internal/project/DefaultProjectCustomizer> (0x00000000d8068610) thrown at [C:\src\AOSP-openjdk-git\hotspot\src\share\vm\classfile\systemDictionary.cpp, line 210]
Event: 4.085 Thread 0x000000001d58d000 Exception <a 'java/lang/ClassNotFoundException': org/gradle/api/internal/project/DefaultProject_DecoratedCustomizer> (0x00000000d8179ee0) thrown at [C:\src\AOSP-openjdk-git\hotspot\src\share\vm\classfile\systemDictionary.cpp, line 210]
Event: 4.142 Thread 0x000000001d58d000 Exception <a 'java/lang/ClassNotFoundException': org/gradle/api/tasks/Delete_DecoratedBeanInfo> (0x00000000d8656d80) thrown at [C:\src\AOSP-openjdk-git\hotspot\src\share\vm\classfile\systemDictionary.cpp, line 210]
Event: 4.143 Thread 0x000000001d58d000 Exception <a 'java/lang/ClassNotFoundException': org/gradle/api/tasks/DeleteBeanInfo> (0x00000000d8685158) thrown at [C:\src\AOSP-openjdk-git\hotspot\src\share\vm\classfile\systemDictionary.cpp, line 210]
Event: 4.144 Thread 0x000000001d58d000 Exception <a 'java/lang/ClassNotFoundException': org/gradle/api/internal/ConventionTaskBeanInfo> (0x00000000d86d1800) thrown at [C:\src\AOSP-openjdk-git\hotspot\src\share\vm\classfile\systemDictionary.cpp, line 210]
Event: 4.144 Thread 0x000000001d58d000 Exception <a 'java/lang/ClassNotFoundException': org/gradle/api/DefaultTaskBeanInfo> (0x00000000d86fd098) thrown at [C:\src\AOSP-openjdk-git\hotspot\src\share\vm\classfile\systemDictionary.cpp, line 210]
Event: 4.145 Thread 0x000000001d58d000 Exception <a 'java/lang/ClassNotFoundException': org/gradle/api/internal/AbstractTaskBeanInfo> (0x00000000d8730ba0) thrown at [C:\src\AOSP-openjdk-git\hotspot\src\share\vm\classfile\systemDictionary.cpp, line 210]
Event: 4.145 Thread 0x000000001d58d000 Exception <a 'java/lang/ClassNotFoundException': org/gradle/api/internal/AbstractTaskCustomizer> (0x00000000d8765758) thrown at [C:\src\AOSP-openjdk-git\hotspot\src\share\vm\classfile\systemDictionary.cpp, line 210]

Events (10 events):
Event: 4.145 loading class org/gradle/api/internal/AbstractTaskBeanInfo
Event: 4.145 loading class org/gradle/api/internal/AbstractTaskBeanInfo done
Event: 4.145 loading class org/gradle/api/internal/AbstractTaskCustomizer
Event: 4.145 loading class org/gradle/api/internal/AbstractTaskCustomizer done
Event: 4.145 loading class org/gradle/api/internal/AbstractTaskCustomizer
Event: 4.145 loading class org/gradle/api/internal/AbstractTaskCustomizer done
Event: 4.145 loading class org/gradle/api/internal/AbstractTaskCustomizer
Event: 4.145 loading class org/gradle/api/internal/AbstractTaskCustomizer done
Event: 4.145 loading class org/gradle/api/internal/AbstractTaskCustomizer
Event: 4.145 loading class org/gradle/api/internal/AbstractTaskCustomizer done


Dynamic libraries:
0x00007ff692ff0000 - 0x00007ff693021000 	C:\Program Files\Android\Android Studio\jre\bin\java.exe
0x00007ffc2bde0000 - 0x00007ffc2bfd0000 	C:\WINDOWS\SYSTEM32\ntdll.dll
0x00007ffc2a920000 - 0x00007ffc2a9d2000 	C:\WINDOWS\System32\KERNEL32.DLL
0x00007ffc28f80000 - 0x00007ffc29224000 	C:\WINDOWS\System32\KERNELBASE.dll
0x00007ffc2ab80000 - 0x00007ffc2ac23000 	C:\WINDOWS\System32\ADVAPI32.dll
0x00007ffc2bd00000 - 0x00007ffc2bd9e000 	C:\WINDOWS\System32\msvcrt.dll
0x00007ffc2b990000 - 0x00007ffc2ba27000 	C:\WINDOWS\System32\sechost.dll
0x00007ffc29f40000 - 0x00007ffc2a060000 	C:\WINDOWS\System32\RPCRT4.dll
0x00007ffc2a9e0000 - 0x00007ffc2ab75000 	C:\WINDOWS\System32\USER32.dll
0x00007ffc292b0000 - 0x00007ffc292d1000 	C:\WINDOWS\System32\win32u.dll
0x00007ffc2b620000 - 0x00007ffc2b646000 	C:\WINDOWS\System32\GDI32.dll
0x00007ffc28dc0000 - 0x00007ffc28f56000 	C:\WINDOWS\System32\gdi32full.dll
0x00007ffc29c40000 - 0x00007ffc29cde000 	C:\WINDOWS\System32\msvcp_win.dll
0x00007ffc29d90000 - 0x00007ffc29e8a000 	C:\WINDOWS\System32\ucrtbase.dll
0x00007ffc28190000 - 0x00007ffc28414000 	C:\WINDOWS\WinSxS\amd64_microsoft.windows.common-controls_6595b64144ccf1df_6.0.18362.1016_none_9e7a36bbe461dae4\COMCTL32.dll
0x00007ffc2b650000 - 0x00007ffc2b985000 	C:\WINDOWS\System32\combase.dll
0x00007ffc29a70000 - 0x00007ffc29af0000 	C:\WINDOWS\System32\bcryptPrimitives.dll
0x00007ffc2b520000 - 0x00007ffc2b54e000 	C:\WINDOWS\System32\IMM32.DLL
0x0000000071780000 - 0x0000000071852000 	C:\Program Files\Android\Android Studio\jre\jre\bin\msvcr100.dll
0x0000000071860000 - 0x00000000720ab000 	C:\Program Files\Android\Android Studio\jre\jre\bin\server\jvm.dll
0x00007ffc2bbc0000 - 0x00007ffc2bbc8000 	C:\WINDOWS\System32\PSAPI.DLL
0x00007ffc26c70000 - 0x00007ffc26c79000 	C:\WINDOWS\SYSTEM32\WSOCK32.dll
0x00007ffc2b490000 - 0x00007ffc2b4ff000 	C:\WINDOWS\System32\WS2_32.dll
0x00007ffc25ec0000 - 0x00007ffc25ee4000 	C:\WINDOWS\SYSTEM32\WINMM.dll
0x00007ffc26350000 - 0x00007ffc2635a000 	C:\WINDOWS\SYSTEM32\VERSION.dll
0x00007ffc25e90000 - 0x00007ffc25ebd000 	C:\WINDOWS\SYSTEM32\WINMMBASE.dll
0x00007ffc29260000 - 0x00007ffc292aa000 	C:\WINDOWS\System32\cfgmgr32.dll
0x00007ffc25a30000 - 0x00007ffc25a3f000 	C:\Program Files\Android\Android Studio\jre\jre\bin\verify.dll
0x00007ffc15200000 - 0x00007ffc15229000 	C:\Program Files\Android\Android Studio\jre\jre\bin\java.dll
0x00007ffc22ee0000 - 0x00007ffc22ef6000 	C:\Program Files\Android\Android Studio\jre\jre\bin\zip.dll
0x00007ffc2ada0000 - 0x00007ffc2b487000 	C:\WINDOWS\System32\SHELL32.dll
0x00007ffc29e90000 - 0x00007ffc29f39000 	C:\WINDOWS\System32\shcore.dll
0x00007ffc292e0000 - 0x00007ffc29a62000 	C:\WINDOWS\System32\windows.storage.dll
0x00007ffc28cc0000 - 0x00007ffc28ce3000 	C:\WINDOWS\System32\profapi.dll
0x00007ffc28d10000 - 0x00007ffc28d5a000 	C:\WINDOWS\System32\powrprof.dll
0x00007ffc28c90000 - 0x00007ffc28ca0000 	C:\WINDOWS\System32\UMPDC.dll
0x00007ffc2ba90000 - 0x00007ffc2bae2000 	C:\WINDOWS\System32\shlwapi.dll
0x00007ffc28cf0000 - 0x00007ffc28d01000 	C:\WINDOWS\System32\kernel.appcore.dll
0x00007ffc28f60000 - 0x00007ffc28f77000 	C:\WINDOWS\System32\cryptsp.dll
0x00007ffc151e0000 - 0x00007ffc151fa000 	C:\Program Files\Android\Android Studio\jre\jre\bin\net.dll
0x00007ffc27e70000 - 0x00007ffc27ed7000 	C:\WINDOWS\system32\mswsock.dll
0x00007ffc151c0000 - 0x00007ffc151d3000 	C:\Program Files\Android\Android Studio\jre\jre\bin\nio.dll
0x00007ffc08cd0000 - 0x00007ffc08cf6000 	C:\Users\jeff4\.gradle\native\31\windows-amd64\native-platform.dll
0x00007ffc24730000 - 0x00007ffc2473d000 	C:\Program Files\Android\Android Studio\jre\jre\bin\management.dll
0x00007ffc279e0000 - 0x00007ffc27a13000 	C:\WINDOWS\system32\rsaenh.dll
0x00007ffc29230000 - 0x00007ffc29256000 	C:\WINDOWS\System32\bcrypt.dll
0x00007ffc28bb0000 - 0x00007ffc28bd5000 	C:\WINDOWS\SYSTEM32\USERENV.dll
0x00007ffc28040000 - 0x00007ffc2804c000 	C:\WINDOWS\SYSTEM32\CRYPTBASE.dll
0x00007ffc27b80000 - 0x00007ffc27bba000 	C:\WINDOWS\SYSTEM32\IPHLPAPI.DLL
0x00007ffc2ad90000 - 0x00007ffc2ad98000 	C:\WINDOWS\System32\NSI.dll
0x00007ffc21610000 - 0x00007ffc21626000 	C:\WINDOWS\SYSTEM32\dhcpcsvc6.DLL
0x00007ffc22170000 - 0x00007ffc2218c000 	C:\WINDOWS\SYSTEM32\dhcpcsvc.DLL
0x00007ffc27bc0000 - 0x00007ffc27c8b000 	C:\WINDOWS\SYSTEM32\DNSAPI.dll

VM Arguments:
jvm_args: -Xmx2048m -Dfile.encoding=x-windows-950 -Duser.country=TW -Duser.language=zh -Duser.variant 
java_command: org.gradle.launcher.daemon.bootstrap.GradleDaemon 6.1.1
java_class_path (initial): C:\Users\jeff4\.gradle\wrapper\dists\gradle-6.1.1-all\cfmwm155h49vnt3hynmlrsdst\gradle-6.1.1\lib\gradle-launcher-6.1.1.jar
Launcher Type: SUN_STANDARD

Environment Variables:
PATH=C:\Program Files (x86)\Common Files\Oracle\Java\javapath;C:\Windows\system32;C:\Windows;C:\Windows\System32\Wbem;C:\Windows\System32\WindowsPowerShell\v1.0\;C:\Windows\System32\OpenSSH\;C:\Program Files (x86)\NVIDIA Corporation\PhysX\Common;C:\Program Files\NVIDIA Corporation\NVIDIA NGX;C:\Program Files\NVIDIA Corporation\NVIDIA NvDLISR;C:\Users\jeff4\AppData\Local\Android\Sdk\platform-tools;C:\WINDOWS\system32;C:\WINDOWS;C:\WINDOWS\System32\Wbem;C:\WINDOWS\System32\WindowsPowerShell\v1.0\;C:\WINDOWS\System32\OpenSSH\;C:\Users\jeff4\AppData\Local\Android\Sdk\platform-tools;C:\Program Files\Git\cmd;C:\Users\jeff4\AppData\Local\Microsoft\WindowsApps;C:\Users\jeff4\AppData\Local\GitHubDesktop\bin
USERNAME=jeff4
OS=Windows_NT
PROCESSOR_IDENTIFIER=Intel64 Family 6 Model 158 Stepping 13, GenuineIntel



---------------  S Y S T E M  ---------------

OS: Windows 10.0 , 64 bit Build 18362 (10.0.18362.959)

CPU:total 12 (initial active 12) (6 cores per cpu, 2 threads per core) family 6 model 158 stepping 13, cmov, cx8, fxsr, mmx, sse, sse2, sse3, ssse3, sse4.1, sse4.2, popcnt, avx, avx2, aes, clmul, erms, 3dnowpref, lzcnt, ht, tsc, tscinvbit, bmi1, bmi2, adx

Memory: 4k page, physical 8230392k(651116k free), swap 33396216k(4756k free)

vm_info: OpenJDK 64-Bit Server VM (25.242-b01) for windows-amd64 JRE (1.8.0_242-release-1644-b01), built by "builder" with MS VC++ 10.0 (VS2010)

time: Tue Sep 08 14:59:28 2020
timezone: 台北標準時間
elapsed time: 4 seconds (0d 0h 0m 4s)

